<?xml version="1.0" encoding="UTF-8"?>
<testsuite xmlns:xsi="http://www.w3.org/2001/XMLSchema-instance" xsi:noNamespaceSchemaLocation="https://maven.apache.org/surefire/maven-surefire-plugin/xsd/surefire-test-report-3.0.xsd" version="3.0" name="com.ecognity.util.DateUtilsTest$StartDayTests" time="0.058" tests="4" errors="0" skipped="0" failures="0">
  <properties>
[...]
</properties>
  <testcase name="positiveStartDay(int, int, int)[1]" classname="com.ecognity.util.DateUtilsTest$StartDayTests" time="0.007"/>
  <testcase name="positiveStartDay(int, int, int)[2]" classname="com.ecognity.util.DateUtilsTest$StartDayTests" time="0.003"/>
  <testcase name="positiveStartDay(int, int, int)[3]" classname="com.ecognity.util.DateUtilsTest$StartDayTests" time="0.002"/>
  <testcase name="positiveStartDay(int, int, int)[4]" classname="com.ecognity.util.DateUtilsTest$StartDayTests" time="0.003"/>
</testsuite>